<?xml version="1.0" encoding="UTF-8"?>
<!-- Generated by org.testng.reporters.JUnitReportReporter -->
<testsuite hostname="DESKTOP-I3H0T1F" failures="0" tests="4" name="api.test.UserTestCases" time="6.259" errors="0" timestamp="2025-10-18T15:36:07 EEST" skipped="0">
  <testcase classname="api.test.UserTestCases" name="TC01_verifyCreateUser" time="3.950"/>
  <testcase classname="api.test.UserTestCases" name="TC02_verifyReadUser" time="0.787"/>
  <testcase classname="api.test.UserTestCases" name="TC03_verifyUpdateUser" time="0.766"/>
  <testcase classname="api.test.UserTestCases" name="TC04_verifyDeleteUser" time="0.756"/>
</testsuite> <!-- api.test.UserTestCases -->
