<?xml version="1.0" encoding="UTF-8"?>
<!-- Generated by org.testng.reporters.JUnitReportReporter -->
<testsuite hostname="DESKTOP-I3H0T1F" failures="0" tests="6" name="api.test.DataDrivenTestCases" time="7.789" errors="0" timestamp="2025-10-18T21:04:05 EEST" skipped="0">
  <testcase classname="api.test.DataDrivenTestCases" name="TC01_verifyCreateUser" time="3.945"/>
  <testcase classname="api.test.DataDrivenTestCases" name="TC01_verifyCreateUser" time="0.777"/>
  <testcase classname="api.test.DataDrivenTestCases" name="TC01_verifyCreateUser" time="0.785"/>
  <testcase classname="api.test.DataDrivenTestCases" name="TC02_verifyDeleteUser" time="0.768"/>
  <testcase classname="api.test.DataDrivenTestCases" name="TC02_verifyDeleteUser" time="0.774"/>
  <testcase classname="api.test.DataDrivenTestCases" name="TC02_verifyDeleteUser" time="0.740"/>
</testsuite> <!-- api.test.DataDrivenTestCases -->
